<?xml version="1.0" encoding="UTF-8"?>
<!-- Generated by org.testng.reporters.JUnitReportReporter -->
<testsuite hostname="DESKTOP-9HRK8QP" failures="0" tests="3" name="JiraTests" time="3.170" errors="0" timestamp="2021-06-14T00:31:34 IST" skipped="0">
  <testcase classname="JiraTests" name="addAttachment" time="0.215"/>
  <system-out/>
  <testcase classname="JiraTests" name="addComment" time="0.089"/>
  <system-out/>
  <testcase classname="JiraTests" name="logInToJira" time="2.866"/>
  <system-out/>
</testsuite> <!-- JiraTests -->
