<?xml version="1.0" encoding="UTF-8"?>
<!-- Generated by org.testng.reporters.JUnitReportReporter -->
<testsuite hostname="DESKTOP-9HRK8QP" failures="0" tests="1" name="DynamicJSON" time="3.209" errors="0" timestamp="2021-06-08T18:11:11 IST" skipped="0">
  <testcase classname="DynamicJSON" name="payLoadFromFile" time="3.209"/>
  <system-out/>
</testsuite> <!-- DynamicJSON -->
