<?xml version="1.0" encoding="UTF-8"?>
<!-- Generated by org.testng.reporters.JUnitReportReporter -->
<testsuite hostname="DESKTOP-9HRK8QP" failures="0" tests="1" name="SumValidationTestNG" time="1.769" errors="0" timestamp="2021-06-07T22:01:11 IST" skipped="0">
  <testcase classname="SumValidationTestNG" name="sumOfCourses" time="1.769"/>
  <system-out/>
</testsuite> <!-- SumValidationTestNG -->
